SF:lib/features/auth/presentation/auth_notifier.dart
DA:5,8
DA:12,2
DA:14,0
DA:15,0
DA:21,6
DA:22,2
DA:25,2
DA:26,6
DA:27,2
DA:29,4
DA:30,2
DA:34,0
DA:36,0
DA:37,0
DA:38,0
DA:39,0
DA:40,0
DA:42,0
DA:43,0
DA:45,0
DA:46,0
DA:52,0
DA:53,0
DA:54,0
DA:55,0
DA:56,0
DA:60,0
DA:64,0
DA:65,0
DA:71,0
DA:72,0
DA:73,0
DA:76,0
DA:77,0
DA:78,0
DA:79,0
DA:80,0
DA:81,0
DA:82,0
DA:87,0
DA:91,0
DA:92,0
DA:93,0
DA:94,0
DA:95,0
DA:99,10
LF:46
LH:10
end_of_record
SF:lib/core/token_storage.dart
DA:12,0
DA:13,0
DA:16,1
DA:17,2
DA:20,0
DA:21,0
DA:24,0
DA:25,0
DA:28,0
DA:29,0
DA:30,0
DA:33,0
DA:34,0
DA:37,0
DA:38,0
DA:39,0
DA:42,0
DA:43,0
DA:44,0
DA:47,0
DA:48,0
DA:49,0
DA:51,0
DA:52,0
DA:54,0
DA:57,0
DA:58,0
DA:61,0
DA:62,0
DA:63,0
DA:64,0
DA:68,0
DA:69,0
DA:70,0
DA:71,0
LF:35
LH:2
end_of_record
SF:lib/core/network/api_client.dart
DA:8,1
DA:10,1
DA:11,2
DA:19,3
DA:21,1
DA:23,3
DA:24,0
DA:25,0
DA:26,0
DA:29,0
DA:31,0
DA:33,0
DA:34,0
DA:35,0
DA:42,0
DA:49,1
DA:50,5
DA:54,0
DA:55,0
DA:58,0
DA:59,0
DA:62,0
DA:63,0
DA:66,0
DA:67,0
DA:70,0
DA:71,0
LF:27
LH:8
end_of_record
SF:lib/core/providers.dart
DA:6,4
DA:7,1
DA:10,1
DA:14,3
DA:16,0
DA:17,0
DA:18,0
LF:7
LH:4
end_of_record
SF:lib/features/budget/presentation/budget_provider.dart
DA:4,8
DA:5,4
DA:6,2
LF:3
LH:3
end_of_record
SF:lib/features/budget/data/budget_repository_impl.dart
DA:8,0
DA:10,0
DA:11,0
DA:14,6
DA:15,0
DA:16,0
LF:6
LH:1
end_of_record
SF:lib/features/budget/data/budget_remote_data_source.dart
DA:5,0
DA:7,0
DA:8,0
DA:9,0
LF:4
LH:0
end_of_record
SF:lib/features/expenses/presentation/expenses_page.dart
DA:8,3
DA:10,2
DA:11,2
DA:15,2
DA:17,2
DA:21,2
DA:23,2
DA:24,2
DA:25,4
DA:26,4
DA:27,2
DA:28,17
DA:30,2
DA:31,1
DA:33,2
DA:34,1
DA:35,1
DA:36,1
DA:38,4
DA:39,9
DA:43,5
LF:21
LH:21
end_of_record
SF:lib/features/advisor/presentation/advisor_page.dart
DA:6,3
DA:8,2
DA:9,2
DA:17,1
DA:18,3
DA:19,1
DA:20,3
DA:21,3
DA:22,1
DA:23,2
DA:24,1
DA:25,1
DA:29,2
DA:31,2
DA:32,2
DA:33,2
DA:35,20
LF:17
LH:17
end_of_record
SF:lib/features/expenses/data/expenses_repository_impl.dart
DA:9,0
DA:11,0
DA:12,0
DA:14,0
DA:15,0
DA:18,6
DA:19,0
DA:20,0
DA:21,0
LF:9
LH:1
end_of_record
SF:lib/features/advisor/data/advisor_repository_impl.dart
DA:10,0
DA:12,0
DA:14,0
DA:15,0
DA:17,0
DA:18,0
DA:20,0
DA:21,0
DA:23,0
DA:25,0
DA:29,6
DA:30,0
DA:31,0
LF:13
LH:1
end_of_record
SF:lib/features/expenses/domain/models/expense.dart
DA:6,1
DA:8,0
DA:9,0
DA:10,0
DA:11,0
DA:14,0
LF:6
LH:1
end_of_record
SF:lib/core/prompt_mapper.dart
DA:1,3
DA:8,1
DA:9,1
DA:10,2
DA:11,2
DA:12,2
DA:14,2
DA:15,1
LF:8
LH:8
end_of_record
SF:lib/features/advisor/data/advisor_remote_data_source.dart
DA:6,0
DA:8,0
DA:9,0
DA:10,0
DA:11,0
DA:12,0
DA:13,0
LF:7
LH:0
end_of_record
SF:lib/features/advisor/domain/models/advisor_answer.dart
DA:3,0
DA:5,0
DA:7,0
LF:3
LH:0
end_of_record
SF:lib/features/expenses/data/expenses_remote_data_source.dart
DA:6,0
DA:8,0
DA:9,0
DA:10,0
DA:11,0
DA:14,0
DA:15,0
DA:16,0
DA:17,0
LF:9
LH:0
end_of_record
SF:lib/features/expenses/presentation/expenses_notifier.dart
DA:9,2
DA:11,7
DA:16,8
DA:17,2
DA:20,2
DA:21,6
DA:22,4
DA:23,6
DA:27,1
DA:28,9
DA:29,7
DA:31,2
DA:33,11
DA:35,0
DA:40,8
DA:41,4
DA:42,2
LF:17
LH:16
end_of_record
SF:lib/features/auth/presentation/login_page.dart
DA:7,3
DA:9,2
DA:10,2
DA:19,0
DA:20,0
DA:21,0
DA:22,0
DA:23,0
DA:24,0
DA:26,0
DA:27,0
DA:30,0
DA:31,0
DA:32,0
DA:36,2
DA:38,2
DA:39,2
DA:40,2
DA:42,2
DA:43,2
DA:44,4
DA:46,4
DA:48,2
DA:49,8
DA:50,2
DA:54,6
DA:55,2
LF:27
LH:16
end_of_record
SF:lib/core/auth_gate.dart
DA:9,1
DA:11,1
DA:13,2
DA:14,2
DA:15,1
LF:5
LH:5
end_of_record
SF:lib/core/route_helpers.dart
DA:5,0
DA:6,3
DA:7,3
DA:8,3
DA:9,3
DA:10,0
DA:11,0
LF:7
LH:4
end_of_record
SF:lib/core/routes.dart
DA:26,1
DA:27,1
DA:28,1
DA:29,0
DA:30,1
DA:31,1
DA:32,2
DA:33,1
DA:34,1
DA:35,2
DA:36,1
DA:37,1
DA:38,2
DA:39,1
DA:40,1
DA:41,2
DA:42,1
DA:43,1
DA:44,2
DA:45,0
DA:46,0
DA:47,0
DA:48,0
DA:49,0
DA:50,0
DA:52,0
LF:26
LH:18
end_of_record
SF:lib/features/splash/presentation/splash_page.dart
DA:7,2
DA:9,0
DA:10,0
DA:14,0
DA:16,0
DA:17,0
DA:18,0
DA:22,0
DA:24,0
DA:25,0
DA:26,0
LF:11
LH:1
end_of_record
SF:lib/features/budget/presentation/budget_list_page.dart
DA:9,2
DA:11,1
DA:12,1
DA:16,1
DA:18,3
DA:19,1
DA:20,1
DA:22,1
DA:23,1
DA:24,0
DA:25,0
DA:26,0
DA:27,0
DA:28,0
DA:29,0
DA:30,0
DA:33,0
DA:40,1
DA:41,2
DA:42,1
DA:43,0
DA:44,0
DA:45,0
DA:48,0
DA:49,0
LF:25
LH:12
end_of_record
SF:lib/features/chat/presentation/chat_page.dart
DA:6,2
DA:8,1
DA:9,1
DA:16,0
DA:17,0
DA:18,0
DA:19,0
DA:20,0
DA:22,0
DA:24,0
DA:26,0
DA:30,1
DA:32,1
DA:33,1
DA:34,1
DA:35,1
DA:36,1
DA:37,1
DA:38,2
DA:39,0
DA:40,0
DA:41,0
DA:45,1
DA:47,2
DA:48,3
DA:49,2
LF:26
LH:15
end_of_record
SF:lib/features/onboarding/presentation/onboarding_flow.dart
DA:10,2
DA:12,0
DA:13,0
DA:21,0
DA:23,0
DA:25,0
DA:27,0
DA:28,0
DA:29,0
DA:30,0
DA:34,0
DA:35,0
DA:36,0
DA:39,0
DA:40,0
DA:41,0
DA:44,0
DA:45,0
DA:47,0
DA:48,0
DA:49,0
DA:51,0
DA:52,0
DA:55,0
DA:57,0
DA:58,0
DA:59,0
DA:60,0
DA:61,0
DA:63,0
DA:64,0
DA:65,0
LF:32
LH:1
end_of_record
SF:lib/features/settings/presentation/settings_page.dart
DA:7,2
DA:9,0
DA:11,0
DA:12,0
DA:13,0
DA:15,0
DA:16,0
DA:17,0
DA:18,0
DA:19,0
DA:20,0
DA:21,0
LF:12
LH:1
end_of_record
SF:lib/features/home/presentation/home_page.dart
DA:8,2
DA:10,1
DA:11,1
DA:12,1
DA:14,2
DA:15,1
DA:17,2
DA:18,1
DA:20,1
DA:21,1
DA:23,1
DA:25,1
DA:26,1
DA:27,3
DA:29,1
DA:30,2
DA:31,1
DA:33,1
DA:45,1
DA:47,2
DA:48,2
DA:49,4
DA:50,2
DA:55,1
DA:56,1
DA:57,1
DA:59,1
DA:63,1
DA:64,4
DA:65,4
DA:66,4
DA:67,3
LF:32
LH:32
end_of_record
SF:lib/features/chat/data/chat_remote_data_source.dart
DA:5,0
DA:7,0
DA:8,0
DA:9,0
DA:10,0
DA:11,0
LF:6
LH:0
end_of_record
SF:lib/features/chat/data/chat_repository_impl.dart
DA:10,0
DA:12,0
DA:14,0
DA:15,0
DA:17,0
DA:18,0
DA:19,0
DA:20,0
DA:22,0
DA:24,0
DA:28,3
DA:29,0
DA:30,0
LF:13
LH:1
end_of_record
SF:lib/features/chat/presentation/chat_provider.dart
DA:4,0
DA:5,0
DA:6,0
LF:3
LH:0
end_of_record
SF:lib/features/onboarding/presentation/steps/intro_step.dart
DA:4,2
DA:6,0
DA:8,0
LF:3
LH:1
end_of_record
SF:lib/features/onboarding/presentation/steps/permissions_step.dart
DA:4,2
DA:6,0
DA:8,0
LF:3
LH:1
end_of_record
SF:lib/features/onboarding/presentation/steps/preferences_step.dart
DA:10,0
DA:12,0
DA:13,0
DA:21,0
DA:23,0
DA:24,0
DA:25,0
DA:28,0
DA:29,0
DA:30,0
DA:31,0
DA:33,0
DA:35,0
DA:39,0
DA:41,0
DA:44,0
DA:45,0
DA:46,0
DA:47,0
DA:48,0
DA:49,0
DA:54,0
DA:56,0
DA:57,0
DA:58,0
LF:25
LH:0
end_of_record
